{ _: [ 'run', 'mac' ], debug: true, _aliases: {} }
mac
flow / launching %s %s for %s

actuate: [1.8.6]
box2d: [1.2.3]
flow: git [dev:/Users/rich/Development/haxelib/flow/git]
hxcpp: 3.2.102 3.2.193 [3.2.205] git
hxtelemetry: [0.3.3]
layout: [1.2.1]
lime-samples: [2.6.0]
lime: [2.5.0] 2.9.1
linc_ogg: git [dev:/Users/rich/Development/haxelib/linc_ogg/git]
linc_openal: git [dev:/Users/rich/Development/haxelib/linc_openal/git]
linc_opengl: git [dev:/Users/rich/Development/haxelib/linc_opengl/git]
linc_sdl: git [dev:/Users/rich/Development/haxelib/linc_sdl/git]
linc_stb: git [dev:/Users/rich/Development/haxelib/linc_stb/git]
linc_timestamp: git [dev:/Users/rich/Development/haxelib/linc_timestamp/git]
luxe: git [dev:/Users/rich/Development/haxelib/luxe/git]
mint: git [dev:/Users/rich/Development/haxelib/mint/git]
mphx: 0.2.1 [0.2.3]
msgpack-haxe: [1.15.1]
nape: 2.0.19 [2.0.20]
openfl-samples: [3.3.1]
openfl: [2.1.5] 3.6.1
phaser: 1.1.1 [1.1.2]
snow: git [dev:/Users/rich/Development/haxelib/snow/git]
snowfall: 0.0.12 [0.0.14]
snowhxt: git [dev:/Users/rich/Development/haxelib/snowhxt/git]
swf: [2.2.0]
version: [1.1.0]

